# JRE version: Java(TM) SE Runtime Environment (17.0.8+9) (build 17.0.8+9-LTS-211)
# Java VM: Java HotSpot(TM) 64-Bit Server VM (17.0.8+9-LTS-211, mixed mode, sharing, tiered, compressed oops, compressed class ptrs, g1 gc, windows-amd64)
GC Precious Log:
 CPUs: 4 total, 4 available
 Memory: 12168M
 Large Page Support: Disabled
 NUMA Support: Disabled
 Compressed Oops: Enabled (Zero based)
 Heap Region Size: 2M
 Heap Min Capacity: 8M
 Heap Initial Capacity: 192M
 Heap Max Capacity: 3044M
 Pre-touch: Disabled
 Parallel Workers: 4
 Concurrent Workers: 1
 Concurrent Refinement Workers: 4
 Periodic GC: Disabled
Heap:
 garbage-first heap   total 102400K, used 77824K [0x0000000741c00000, 0x0000000800000000)
  region size 2048K, 18 young (36864K), 2 survivors (4096K)
 Metaspace       used 91802K, committed 92480K, reserved 1179648K
  class space    used 12311K, committed 12608K, reserved 1048576K
GC Heap History (20 events):
Event: 20.290 GC heap before
{Heap before GC invocations=20 (full 0):
 garbage-first heap   total 83968K, used 65368K [0x0000000741c00000, 0x0000000800000000)
  region size 2048K, 18 young (36864K), 2 survivors (4096K)
 Metaspace       used 65666K, committed 66176K, reserved 1114112K
  class space    used 9220K, committed 9472K, reserved 1048576K
}
Event: 20.306 GC heap after
{Heap after GC invocations=21 (full 0):
 garbage-first heap   total 83968K, used 34774K [0x0000000741c00000, 0x0000000800000000)
  region size 2048K, 2 young (4096K), 2 survivors (4096K)
 Metaspace       used 65666K, committed 66176K, reserved 1114112K
  class space    used 9220K, committed 9472K, reserved 1048576K
}
Event: 20.631 GC heap before
{Heap before GC invocations=21 (full 0):
 garbage-first heap   total 83968K, used 65494K [0x0000000741c00000, 0x0000000800000000)
  region size 2048K, 17 young (34816K), 2 survivors (4096K)
 Metaspace       used 66148K, committed 66624K, reserved 1114112K
  class space    used 9254K, committed 9472K, reserved 1048576K
}
Event: 20.638 GC heap after
{Heap after GC invocations=22 (full 0):
 garbage-first heap   total 83968K, used 34628K [0x0000000741c00000, 0x0000000800000000)
  region size 2048K, 2 young (4096K), 2 survivors (4096K)
 Metaspace       used 66148K, committed 66624K, reserved 1114112K
  class space    used 9254K, committed 9472K, reserved 1048576K
}
Event: 21.222 GC heap before
{Heap before GC invocations=22 (full 0):
 garbage-first heap   total 83968K, used 65348K [0x0000000741c00000, 0x0000000800000000)
  region size 2048K, 17 young (34816K), 2 survivors (4096K)
 Metaspace       used 67126K, committed 67648K, reserved 1114112K
  class space    used 9411K, committed 9664K, reserved 1048576K
}
Event: 21.228 GC heap after
{Heap after GC invocations=23 (full 0):
 garbage-first heap   total 83968K, used 35236K [0x0000000741c00000, 0x0000000800000000)
  region size 2048K, 2 young (4096K), 2 survivors (4096K)
 Metaspace       used 67126K, committed 67648K, reserved 1114112K
  class space    used 9411K, committed 9664K, reserved 1048576K
}
Event: 22.184 GC heap before
{Heap before GC invocations=23 (full 0):
 garbage-first heap   total 83968K, used 65956K [0x0000000741c00000, 0x0000000800000000)
  region size 2048K, 17 young (34816K), 2 survivors (4096K)
 Metaspace       used 67234K, committed 67712K, reserved 1114112K
  class space    used 9424K, committed 9664K, reserved 1048576K
}
Event: 22.192 GC heap after
{Heap after GC invocations=24 (full 0):
 garbage-first heap   total 102400K, used 36442K [0x0000000741c00000, 0x0000000800000000)
  region size 2048K, 3 young (6144K), 3 survivors (6144K)
 Metaspace       used 67234K, committed 67712K, reserved 1114112K
  class space    used 9424K, committed 9664K, reserved 1048576K
}
Event: 22.760 GC heap before
{Heap before GC invocations=24 (full 0):
 garbage-first heap   total 102400K, used 81498K [0x0000000741c00000, 0x0000000800000000)
  region size 2048K, 25 young (51200K), 3 survivors (6144K)
 Metaspace       used 67248K, committed 67776K, reserved 1114112K
  class space    used 9424K, committed 9664K, reserved 1048576K
}
Event: 22.768 GC heap after
{Heap after GC invocations=25 (full 0):
 garbage-first heap   total 102400K, used 36306K [0x0000000741c00000, 0x0000000800000000)
  region size 2048K, 2 young (4096K), 2 survivors (4096K)
 Metaspace       used 67248K, committed 67776K, reserved 1114112K
  class space    used 9424K, committed 9664K, reserved 1048576K
}
Event: 23.971 GC heap before
{Heap before GC invocations=25 (full 0):
 garbage-first heap   total 102400K, used 83410K [0x0000000741c00000, 0x0000000800000000)
  region size 2048K, 25 young (51200K), 2 survivors (4096K)
 Metaspace       used 67874K, committed 68416K, reserved 1114112K
  class space    used 9475K, committed 9728K, reserved 1048576K
}
Event: 23.985 GC heap after
{Heap after GC invocations=26 (full 0):
 garbage-first heap   total 102400K, used 37638K [0x0000000741c00000, 0x0000000800000000)
  region size 2048K, 3 young (6144K), 3 survivors (6144K)
 Metaspace       used 67874K, committed 68416K, reserved 1114112K
  class space    used 9475K, committed 9728K, reserved 1048576K
}
Event: 25.366 GC heap before
{Heap before GC invocations=26 (full 0):
 garbage-first heap   total 102400K, used 84742K [0x0000000741c00000, 0x0000000800000000)
  region size 2048K, 26 young (53248K), 3 survivors (6144K)
 Metaspace       used 69769K, committed 70272K, reserved 1114112K
  class space    used 9690K, committed 9920K, reserved 1048576K
}
Event: 25.381 GC heap after
{Heap after GC invocations=27 (full 0):
 garbage-first heap   total 102400K, used 39455K [0x0000000741c00000, 0x0000000800000000)
  region size 2048K, 3 young (6144K), 3 survivors (6144K)
 Metaspace       used 69769K, committed 70272K, reserved 1114112K
  class space    used 9690K, committed 9920K, reserved 1048576K
}
Event: 29.817 GC heap before
{Heap before GC invocations=27 (full 0):
 garbage-first heap   total 102400K, used 84511K [0x0000000741c00000, 0x0000000800000000)
  region size 2048K, 25 young (51200K), 3 survivors (6144K)
 Metaspace       used 73833K, committed 74432K, reserved 1114112K
  class space    used 10262K, committed 10560K, reserved 1048576K
}
Event: 29.834 GC heap after
{Heap after GC invocations=28 (full 0):
 garbage-first heap   total 102400K, used 42171K [0x0000000741c00000, 0x0000000800000000)
  region size 2048K, 4 young (8192K), 4 survivors (8192K)
 Metaspace       used 73833K, committed 74432K, reserved 1114112K
  class space    used 10262K, committed 10560K, reserved 1048576K
}
Event: 36.640 GC heap before
{Heap before GC invocations=28 (full 0):
 garbage-first heap   total 102400K, used 81083K [0x0000000741c00000, 0x0000000800000000)
  region size 2048K, 23 young (47104K), 4 survivors (8192K)
 Metaspace       used 83118K, committed 83776K, reserved 1179648K
  class space    used 11464K, committed 11776K, reserved 1048576K
}
Event: 36.663 GC heap after
{Heap after GC invocations=29 (full 0):
 garbage-first heap   total 102400K, used 45326K [0x0000000741c00000, 0x0000000800000000)
  region size 2048K, 3 young (6144K), 3 survivors (6144K)
 Metaspace       used 83118K, committed 83776K, reserved 1179648K
  class space    used 11464K, committed 11776K, reserved 1048576K
}
Event: 621.704 GC heap before
{Heap before GC invocations=29 (full 0):
 garbage-first heap   total 102400K, used 82190K [0x0000000741c00000, 0x0000000800000000)
  region size 2048K, 21 young (43008K), 3 survivors (6144K)
 Metaspace       used 90529K, committed 91136K, reserved 1179648K
  class space    used 12264K, committed 12544K, reserved 1048576K
}
Event: 621.758 GC heap after
{Heap after GC invocations=30 (full 0):
 garbage-first heap   total 102400K, used 49152K [0x0000000741c00000, 0x0000000800000000)
  region size 2048K, 2 young (4096K), 2 survivors (4096K)
 Metaspace       used 90529K, committed 91136K, reserved 1179648K
  class space    used 12264K, committed 12544K, reserved 1048576K
}

